{"/Users/victorgraciaweb/proyectos/react-course/03-gifs-app/src/GifsApp.tsx": {"path":"/Users/victorgraciaweb/proyectos/react-course/03-gifs-app/src/GifsApp.tsx","statementMap":{"0":{"start":{"line":8,"column":23},"end":{"line":32,"column":null}},"1":{"start":{"line":9,"column":64},"end":{"line":9,"column":null}},"2":{"start":{"line":11,"column":2},"end":{"line":29,"column":null}}},"fnMap":{"0":{"name":"(anonymous_0)","decl":{"start":{"line":8,"column":23},"end":{"line":8,"column":null}},"loc":{"start":{"line":8,"column":23},"end":{"line":32,"column":null}},"line":8}},"branchMap":{},"s":{"0":1,"1":1,"2":1},"f":{"0":1},"b":{},"meta":{"lastBranch":0,"lastFunction":1,"lastStatement":3,"seen":{"s:8:23:32:Infinity":0,"f:8:23:8:Infinity":0,"s:9:64:9:Infinity":1,"s:11:2:29:Infinity":2}}}
,"/Users/victorgraciaweb/proyectos/react-course/03-gifs-app/src/counter/components/MyCounterApp.tsx": {"path":"/Users/victorgraciaweb/proyectos/react-course/03-gifs-app/src/counter/components/MyCounterApp.tsx","statementMap":{"0":{"start":{"line":3,"column":28},"end":{"line":16,"column":null}},"1":{"start":{"line":4,"column":57},"end":{"line":4,"column":null}},"2":{"start":{"line":6,"column":2},"end":{"line":12,"column":null}}},"fnMap":{"0":{"name":"(anonymous_0)","decl":{"start":{"line":3,"column":28},"end":{"line":3,"column":null}},"loc":{"start":{"line":3,"column":28},"end":{"line":16,"column":null}},"line":3}},"branchMap":{},"s":{"0":2,"1":9,"2":9},"f":{"0":9},"b":{},"meta":{"lastBranch":0,"lastFunction":1,"lastStatement":3,"seen":{"s:3:28:16:Infinity":0,"f:3:28:3:Infinity":0,"s:4:57:4:Infinity":1,"s:6:2:12:Infinity":2}}}
,"/Users/victorgraciaweb/proyectos/react-course/03-gifs-app/src/counter/hooks/useCounter.tsx": {"path":"/Users/victorgraciaweb/proyectos/react-course/03-gifs-app/src/counter/hooks/useCounter.tsx","statementMap":{"0":{"start":{"line":3,"column":26},"end":{"line":24,"column":null}},"1":{"start":{"line":4,"column":29},"end":{"line":4,"column":null}},"2":{"start":{"line":6,"column":20},"end":{"line":8,"column":null}},"3":{"start":{"line":7,"column":4},"end":{"line":7,"column":null}},"4":{"start":{"line":10,"column":23},"end":{"line":12,"column":null}},"5":{"start":{"line":11,"column":4},"end":{"line":11,"column":null}},"6":{"start":{"line":11,"column":30},"end":{"line":11,"column":null}},"7":{"start":{"line":14,"column":22},"end":{"line":16,"column":null}},"8":{"start":{"line":15,"column":4},"end":{"line":15,"column":null}},"9":{"start":{"line":18,"column":2},"end":{"line":23,"column":null}}},"fnMap":{"0":{"name":"(anonymous_0)","decl":{"start":{"line":3,"column":26},"end":{"line":3,"column":27}},"loc":{"start":{"line":3,"column":52},"end":{"line":24,"column":null}},"line":3},"1":{"name":"(anonymous_1)","decl":{"start":{"line":6,"column":20},"end":{"line":6,"column":null}},"loc":{"start":{"line":6,"column":20},"end":{"line":8,"column":null}},"line":6},"2":{"name":"(anonymous_2)","decl":{"start":{"line":10,"column":23},"end":{"line":10,"column":null}},"loc":{"start":{"line":10,"column":23},"end":{"line":12,"column":null}},"line":10},"3":{"name":"(anonymous_3)","decl":{"start":{"line":11,"column":15},"end":{"line":11,"column":16}},"loc":{"start":{"line":11,"column":30},"end":{"line":11,"column":null}},"line":11},"4":{"name":"(anonymous_4)","decl":{"start":{"line":14,"column":22},"end":{"line":14,"column":null}},"loc":{"start":{"line":14,"column":22},"end":{"line":16,"column":null}},"line":14}},"branchMap":{"0":{"loc":{"start":{"line":3,"column":27},"end":{"line":3,"column":52}},"type":"default-arg","locations":[{"start":{"line":3,"column":50},"end":{"line":3,"column":52}}],"line":3}},"s":{"0":2,"1":14,"2":14,"3":3,"4":14,"5":2,"6":2,"7":14,"8":1,"9":14},"f":{"0":14,"1":3,"2":2,"3":2,"4":1},"b":{"0":[14]},"meta":{"lastBranch":1,"lastFunction":5,"lastStatement":10,"seen":{"s:3:26:24:Infinity":0,"f:3:26:3:27":0,"b:3:50:3:52":0,"s:4:29:4:Infinity":1,"s:6:20:8:Infinity":2,"f:6:20:6:Infinity":1,"s:7:4:7:Infinity":3,"s:10:23:12:Infinity":4,"f:10:23:10:Infinity":2,"s:11:4:11:Infinity":5,"f:11:15:11:16":3,"s:11:30:11:Infinity":6,"s:14:22:16:Infinity":7,"f:14:22:14:Infinity":4,"s:15:4:15:Infinity":8,"s:18:2:23:Infinity":9}}}
,"/Users/victorgraciaweb/proyectos/react-course/03-gifs-app/src/gifs/actions/get-gifs-by-query.action.ts": {"path":"/Users/victorgraciaweb/proyectos/react-course/03-gifs-app/src/gifs/actions/get-gifs-by-query.action.ts","statementMap":{"0":{"start":{"line":5,"column":30},"end":{"line":29,"column":null}},"1":{"start":{"line":6,"column":2},"end":{"line":8,"column":null}},"2":{"start":{"line":7,"column":4},"end":{"line":7,"column":null}},"3":{"start":{"line":10,"column":2},"end":{"line":28,"column":null}},"4":{"start":{"line":11,"column":21},"end":{"line":16,"column":null}},"5":{"start":{"line":18,"column":4},"end":{"line":24,"column":null}},"6":{"start":{"line":18,"column":44},"end":{"line":24,"column":null}},"7":{"start":{"line":26,"column":4},"end":{"line":26,"column":null}},"8":{"start":{"line":27,"column":4},"end":{"line":27,"column":null}}},"fnMap":{"0":{"name":"(anonymous_0)","decl":{"start":{"line":5,"column":30},"end":{"line":5,"column":37}},"loc":{"start":{"line":5,"column":37},"end":{"line":29,"column":null}},"line":5},"1":{"name":"(anonymous_1)","decl":{"start":{"line":18,"column":34},"end":{"line":18,"column":35}},"loc":{"start":{"line":18,"column":44},"end":{"line":24,"column":null}},"line":18}},"branchMap":{"0":{"loc":{"start":{"line":6,"column":2},"end":{"line":8,"column":null}},"type":"if","locations":[{"start":{"line":6,"column":2},"end":{"line":8,"column":null}},{"start":{},"end":{}}],"line":6}},"s":{"0":3,"1":7,"2":1,"3":6,"4":6,"5":5,"6":50,"7":1,"8":1},"f":{"0":7,"1":50},"b":{"0":[1,6]},"meta":{"lastBranch":1,"lastFunction":2,"lastStatement":9,"seen":{"s:5:30:29:Infinity":0,"f:5:30:5:37":0,"b:6:2:8:Infinity:undefined:undefined:undefined:undefined":0,"s:6:2:8:Infinity":1,"s:7:4:7:Infinity":2,"s:10:2:28:Infinity":3,"s:11:21:16:Infinity":4,"s:18:4:24:Infinity":5,"f:18:34:18:35":1,"s:18:44:24:Infinity":6,"s:26:4:26:Infinity":7,"s:27:4:27:Infinity":8}}}
,"/Users/victorgraciaweb/proyectos/react-course/03-gifs-app/src/gifs/api/giphy.api.ts": {"path":"/Users/victorgraciaweb/proyectos/react-course/03-gifs-app/src/gifs/api/giphy.api.ts","statementMap":{"0":{"start":{"line":3,"column":24},"end":{"line":9,"column":null}}},"fnMap":{},"branchMap":{},"s":{"0":4},"f":{},"b":{},"meta":{"lastBranch":0,"lastFunction":0,"lastStatement":1,"seen":{"s:3:24:9:Infinity":0}}}
,"/Users/victorgraciaweb/proyectos/react-course/03-gifs-app/src/gifs/components/GifList.tsx": {"path":"/Users/victorgraciaweb/proyectos/react-course/03-gifs-app/src/gifs/components/GifList.tsx","statementMap":{"0":{"start":{"line":8,"column":34},"end":{"line":22,"column":null}},"1":{"start":{"line":9,"column":2},"end":{"line":12,"column":26}},"2":{"start":{"line":11,"column":17},"end":{"line":12,"column":26}}},"fnMap":{"0":{"name":"(anonymous_0)","decl":{"start":{"line":8,"column":34},"end":{"line":8,"column":35}},"loc":{"start":{"line":8,"column":43},"end":{"line":22,"column":null}},"line":8},"1":{"name":"(anonymous_1)","decl":{"start":{"line":11,"column":16},"end":{"line":11,"column":17}},"loc":{"start":{"line":11,"column":17},"end":{"line":12,"column":26}},"line":11}},"branchMap":{},"s":{"0":1,"1":1,"2":0},"f":{"0":1,"1":0},"b":{},"meta":{"lastBranch":0,"lastFunction":2,"lastStatement":3,"seen":{"s:8:34:22:Infinity":0,"f:8:34:8:35":0,"s:9:2:12:26":1,"f:11:16:11:17":1,"s:11:17:12:26":2}}}
,"/Users/victorgraciaweb/proyectos/react-course/03-gifs-app/src/gifs/components/PreviousSearches.tsx": {"path":"/Users/victorgraciaweb/proyectos/react-course/03-gifs-app/src/gifs/components/PreviousSearches.tsx","statementMap":{"0":{"start":{"line":8,"column":43},"end":{"line":21,"column":null}},"1":{"start":{"line":9,"column":2},"end":{"line":15,"column":63}},"2":{"start":{"line":14,"column":22},"end":{"line":15,"column":63}},"3":{"start":{"line":15,"column":29},"end":{"line":15,"column":56}}},"fnMap":{"0":{"name":"(anonymous_0)","decl":{"start":{"line":8,"column":43},"end":{"line":8,"column":44}},"loc":{"start":{"line":8,"column":70},"end":{"line":21,"column":null}},"line":8},"1":{"name":"(anonymous_1)","decl":{"start":{"line":14,"column":21},"end":{"line":14,"column":22}},"loc":{"start":{"line":14,"column":22},"end":{"line":15,"column":63}},"line":14},"2":{"name":"(anonymous_2)","decl":{"start":{"line":15,"column":23},"end":{"line":15,"column":29}},"loc":{"start":{"line":15,"column":29},"end":{"line":15,"column":56}},"line":15}},"branchMap":{},"s":{"0":1,"1":1,"2":0,"3":0},"f":{"0":1,"1":0,"2":0},"b":{},"meta":{"lastBranch":0,"lastFunction":3,"lastStatement":4,"seen":{"s:8:43:21:Infinity":0,"f:8:43:8:44":0,"s:9:2:15:63":1,"f:14:21:14:22":1,"s:14:22:15:63":2,"f:15:23:15:29":2,"s:15:29:15:56":3}}}
,"/Users/victorgraciaweb/proyectos/react-course/03-gifs-app/src/gifs/hooks/useGifs.tsx": {"path":"/Users/victorgraciaweb/proyectos/react-course/03-gifs-app/src/gifs/hooks/useGifs.tsx","statementMap":{"0":{"start":{"line":7,"column":23},"end":{"line":45,"column":null}},"1":{"start":{"line":8,"column":23},"end":{"line":8,"column":null}},"2":{"start":{"line":9,"column":41},"end":{"line":9,"column":null}},"3":{"start":{"line":11,"column":8},"end":{"line":11,"column":null}},"4":{"start":{"line":13,"column":28},"end":{"line":22,"column":null}},"5":{"start":{"line":14,"column":4},"end":{"line":17,"column":null}},"6":{"start":{"line":15,"column":6},"end":{"line":15,"column":null}},"7":{"start":{"line":16,"column":6},"end":{"line":16,"column":null}},"8":{"start":{"line":19,"column":17},"end":{"line":19,"column":null}},"9":{"start":{"line":20,"column":4},"end":{"line":20,"column":null}},"10":{"start":{"line":21,"column":4},"end":{"line":21,"column":null}},"11":{"start":{"line":24,"column":23},"end":{"line":42,"column":null}},"12":{"start":{"line":25,"column":21},"end":{"line":25,"column":null}},"13":{"start":{"line":27,"column":4},"end":{"line":27,"column":null}},"14":{"start":{"line":27,"column":25},"end":{"line":27,"column":null}},"15":{"start":{"line":29,"column":29},"end":{"line":29,"column":null}},"16":{"start":{"line":31,"column":4},"end":{"line":31,"column":null}},"17":{"start":{"line":31,"column":26},"end":{"line":31,"column":null}},"18":{"start":{"line":33,"column":31},"end":{"line":33,"column":null}},"19":{"start":{"line":35,"column":4},"end":{"line":35,"column":null}},"20":{"start":{"line":37,"column":17},"end":{"line":37,"column":null}},"21":{"start":{"line":39,"column":4},"end":{"line":39,"column":null}},"22":{"start":{"line":41,"column":4},"end":{"line":41,"column":null}},"23":{"start":{"line":44,"column":2},"end":{"line":44,"column":null}}},"fnMap":{"0":{"name":"(anonymous_0)","decl":{"start":{"line":7,"column":23},"end":{"line":7,"column":null}},"loc":{"start":{"line":7,"column":23},"end":{"line":45,"column":null}},"line":7},"1":{"name":"(anonymous_1)","decl":{"start":{"line":13,"column":28},"end":{"line":13,"column":35}},"loc":{"start":{"line":13,"column":35},"end":{"line":22,"column":null}},"line":13},"2":{"name":"(anonymous_2)","decl":{"start":{"line":24,"column":23},"end":{"line":24,"column":30}},"loc":{"start":{"line":24,"column":30},"end":{"line":42,"column":null}},"line":24}},"branchMap":{"0":{"loc":{"start":{"line":14,"column":4},"end":{"line":17,"column":null}},"type":"if","locations":[{"start":{"line":14,"column":4},"end":{"line":17,"column":null}},{"start":{},"end":{}}],"line":14},"1":{"loc":{"start":{"line":27,"column":4},"end":{"line":27,"column":null}},"type":"if","locations":[{"start":{"line":27,"column":4},"end":{"line":27,"column":null}},{"start":{},"end":{}}],"line":27},"2":{"loc":{"start":{"line":31,"column":4},"end":{"line":31,"column":null}},"type":"if","locations":[{"start":{"line":31,"column":4},"end":{"line":31,"column":null}},{"start":{},"end":{}}],"line":31}},"s":{"0":2,"1":22,"2":22,"3":22,"4":22,"5":3,"6":1,"7":1,"8":2,"9":2,"10":2,"11":22,"12":13,"13":13,"14":1,"15":12,"16":12,"17":1,"18":11,"19":11,"20":11,"21":11,"22":11,"23":22},"f":{"0":22,"1":3,"2":13},"b":{"0":[1,2],"1":[1,12],"2":[1,11]},"meta":{"lastBranch":3,"lastFunction":3,"lastStatement":24,"seen":{"s:7:23:45:Infinity":0,"f:7:23:7:Infinity":0,"s:8:23:8:Infinity":1,"s:9:41:9:Infinity":2,"s:11:8:11:Infinity":3,"s:13:28:22:Infinity":4,"f:13:28:13:35":1,"b:14:4:17:Infinity:undefined:undefined:undefined:undefined":0,"s:14:4:17:Infinity":5,"s:15:6:15:Infinity":6,"s:16:6:16:Infinity":7,"s:19:17:19:Infinity":8,"s:20:4:20:Infinity":9,"s:21:4:21:Infinity":10,"s:24:23:42:Infinity":11,"f:24:23:24:30":2,"s:25:21:25:Infinity":12,"b:27:4:27:Infinity:undefined:undefined:undefined:undefined":1,"s:27:4:27:Infinity":13,"s:27:25:27:Infinity":14,"s:29:29:29:Infinity":15,"b:31:4:31:Infinity:undefined:undefined:undefined:undefined":2,"s:31:4:31:Infinity":16,"s:31:26:31:Infinity":17,"s:33:31:33:Infinity":18,"s:35:4:35:Infinity":19,"s:37:17:37:Infinity":20,"s:39:4:39:Infinity":21,"s:41:4:41:Infinity":22,"s:44:2:44:Infinity":23}}}
,"/Users/victorgraciaweb/proyectos/react-course/03-gifs-app/src/shared/components/CustomHeader.tsx": {"path":"/Users/victorgraciaweb/proyectos/react-course/03-gifs-app/src/shared/components/CustomHeader.tsx","statementMap":{"0":{"start":{"line":6,"column":28},"end":{"line":13,"column":null}},"1":{"start":{"line":7,"column":2},"end":{"line":10,"column":null}}},"fnMap":{"0":{"name":"(anonymous_0)","decl":{"start":{"line":6,"column":28},"end":{"line":6,"column":29}},"loc":{"start":{"line":6,"column":58},"end":{"line":13,"column":null}},"line":6}},"branchMap":{"0":{"loc":{"start":{"line":10,"column":7},"end":{"line":10,"column":null}},"type":"binary-expr","locations":[{"start":{"line":10,"column":7},"end":{"line":10,"column":22}},{"start":{"line":10,"column":7},"end":{"line":10,"column":null}}],"line":10}},"s":{"0":2,"1":4},"f":{"0":4},"b":{"0":[4,2]},"meta":{"lastBranch":1,"lastFunction":1,"lastStatement":2,"seen":{"s:6:28:13:Infinity":0,"f:6:28:6:29":0,"s:7:2:10:Infinity":1,"b:10:7:10:22:10:7:10:Infinity":0}}}
,"/Users/victorgraciaweb/proyectos/react-course/03-gifs-app/src/shared/components/SearchBar.tsx": {"path":"/Users/victorgraciaweb/proyectos/react-course/03-gifs-app/src/shared/components/SearchBar.tsx","statementMap":{"0":{"start":{"line":8,"column":25},"end":{"line":44,"column":null}},"1":{"start":{"line":9,"column":25},"end":{"line":9,"column":null}},"2":{"start":{"line":11,"column":2},"end":{"line":19,"column":null}},"3":{"start":{"line":12,"column":22},"end":{"line":14,"column":null}},"4":{"start":{"line":13,"column":6},"end":{"line":13,"column":null}},"5":{"start":{"line":16,"column":4},"end":{"line":18,"column":null}},"6":{"start":{"line":17,"column":6},"end":{"line":17,"column":null}},"7":{"start":{"line":21,"column":23},"end":{"line":24,"column":null}},"8":{"start":{"line":22,"column":4},"end":{"line":22,"column":null}},"9":{"start":{"line":23,"column":4},"end":{"line":23,"column":null}},"10":{"start":{"line":26,"column":24},"end":{"line":30,"column":null}},"11":{"start":{"line":27,"column":4},"end":{"line":29,"column":null}},"12":{"start":{"line":28,"column":6},"end":{"line":28,"column":null}},"13":{"start":{"line":32,"column":2},"end":{"line":41,"column":null}},"14":{"start":{"line":38,"column":31},"end":{"line":38,"column":null}}},"fnMap":{"0":{"name":"(anonymous_0)","decl":{"start":{"line":8,"column":25},"end":{"line":8,"column":26}},"loc":{"start":{"line":8,"column":66},"end":{"line":44,"column":null}},"line":8},"1":{"name":"(anonymous_1)","decl":{"start":{"line":11,"column":12},"end":{"line":11,"column":null}},"loc":{"start":{"line":11,"column":12},"end":{"line":19,"column":5}},"line":11},"2":{"name":"(anonymous_2)","decl":{"start":{"line":12,"column":33},"end":{"line":12,"column":null}},"loc":{"start":{"line":12,"column":33},"end":{"line":14,"column":7}},"line":12},"3":{"name":"(anonymous_3)","decl":{"start":{"line":16,"column":11},"end":{"line":16,"column":null}},"loc":{"start":{"line":16,"column":11},"end":{"line":18,"column":null}},"line":16},"4":{"name":"(anonymous_4)","decl":{"start":{"line":21,"column":23},"end":{"line":21,"column":null}},"loc":{"start":{"line":21,"column":23},"end":{"line":24,"column":null}},"line":21},"5":{"name":"(anonymous_5)","decl":{"start":{"line":26,"column":24},"end":{"line":26,"column":25}},"loc":{"start":{"line":26,"column":25},"end":{"line":30,"column":null}},"line":26},"6":{"name":"(anonymous_6)","decl":{"start":{"line":38,"column":20},"end":{"line":38,"column":21}},"loc":{"start":{"line":38,"column":31},"end":{"line":38,"column":null}},"line":38}},"branchMap":{"0":{"loc":{"start":{"line":8,"column":27},"end":{"line":8,"column":49}},"type":"default-arg","locations":[{"start":{"line":8,"column":41},"end":{"line":8,"column":49}}],"line":8},"1":{"loc":{"start":{"line":27,"column":4},"end":{"line":29,"column":null}},"type":"if","locations":[{"start":{"line":27,"column":4},"end":{"line":29,"column":null}},{"start":{},"end":{}}],"line":27}},"s":{"0":2,"1":14,"2":14,"3":14,"4":2,"5":14,"6":14,"7":14,"8":1,"9":1,"10":14,"11":0,"12":0,"13":14,"14":6},"f":{"0":14,"1":14,"2":2,"3":14,"4":1,"5":0,"6":6},"b":{"0":[14],"1":[0,0]},"meta":{"lastBranch":2,"lastFunction":7,"lastStatement":15,"seen":{"s:8:25:44:Infinity":0,"f:8:25:8:26":0,"b:8:41:8:49":0,"s:9:25:9:Infinity":1,"s:11:2:19:Infinity":2,"f:11:12:11:Infinity":1,"s:12:22:14:Infinity":3,"f:12:33:12:Infinity":2,"s:13:6:13:Infinity":4,"s:16:4:18:Infinity":5,"f:16:11:16:Infinity":3,"s:17:6:17:Infinity":6,"s:21:23:24:Infinity":7,"f:21:23:21:Infinity":4,"s:22:4:22:Infinity":8,"s:23:4:23:Infinity":9,"s:26:24:30:Infinity":10,"f:26:24:26:25":5,"b:27:4:29:Infinity:undefined:undefined:undefined:undefined":1,"s:27:4:29:Infinity":11,"s:28:6:28:Infinity":12,"s:32:2:41:Infinity":13,"f:38:20:38:21":6,"s:38:31:38:Infinity":14}}}
,"/Users/victorgraciaweb/proyectos/react-course/03-gifs-app/tests/mocks/giphy.response.data.ts": {"path":"/Users/victorgraciaweb/proyectos/react-course/03-gifs-app/tests/mocks/giphy.response.data.ts","statementMap":{"0":{"start":{"line":1,"column":39},"end":{"line":2071,"column":null}}},"fnMap":{},"branchMap":{},"s":{"0":1},"f":{},"b":{},"meta":{"lastBranch":0,"lastFunction":0,"lastStatement":1,"seen":{"s:1:39:2071:Infinity":0}}}
}
